[ 02.04.2014 - 23:48:08 ]
    (MSG) [2] in SMILExtract : openSMILE starting!
[ 02.04.2014 - 23:48:08 ]
    (MSG) [2] in SMILExtract : config file is: /home/yipeiw/Documents/Research-2013fall/Tool/opensmile-1.0.1/config/prosodyShs.conf
[ 02.04.2014 - 23:48:08 ]
    (MSG) [2] in cComponentManager : successfully registered 102 component types.
[ 02.04.2014 - 23:48:08 ]
    (MSG) [2] in configManager : reading config file '/home/yipeiw/Documents/Research-2013fall/Tool/opensmile-1.0.1/config/prosodyShs.conf'
[ 02.04.2014 - 23:48:08 ]
    (WARN) [2] in instance 'shs' : Requested input field '*Mag_logScale*' not found, defaulting to use full input vector!
==> LEVEL 'wave'  +++  Buffersize(frames) = 32001  +++  nReaders = 1
     Period(in seconds) = 0.000063 	 frameSize(in seconds) = 0.000063 (last: 0.000000)
     BlocksizeRead(frames) = 960 	 BlocksizeWrite(frames) = 16000
     Number of elements: 1 	 Number of fields: 1
     type = float   noHang = 1   isRingbuffer(isRb) = 1   growDyn = 0
     Fields: (index (range) : fieldname[array indicies]  (# elements)
       0.       : pcm
==> LEVEL 'outp'  +++  Buffersize(frames) = 3  +++  nReaders = 2
     Period(in seconds) = 0.010000 	 frameSize(in seconds) = 0.050000 (last: 0.000000)
     BlocksizeRead(frames) = 1 	 BlocksizeWrite(frames) = 1
     Number of elements: 800 	 Number of fields: 1
     type = float   noHang = 1   isRingbuffer(isRb) = 1   growDyn = 0
     Fields: (index (range) : fieldname[array indicies]  (# elements)
       0. - 799. : pcm[0-799]  (800)
==> LEVEL 'intens'  +++  Buffersize(frames) = 5  +++  nReaders = 1
     Period(in seconds) = 0.010000 	 frameSize(in seconds) = 0.050000 (last: 0.000000)
     BlocksizeRead(frames) = 4 	 BlocksizeWrite(frames) = 1
     Number of elements: 1 	 Number of fields: 1
     type = float   noHang = 1   isRingbuffer(isRb) = 1   growDyn = 0
     Fields: (index (range) : fieldname[array indicies]  (# elements)
       0.       : pcm_loudness
==> LEVEL 'win'  +++  Buffersize(frames) = 3  +++  nReaders = 1
     Period(in seconds) = 0.010000 	 frameSize(in seconds) = 0.050000 (last: 0.000000)
     BlocksizeRead(frames) = 1 	 BlocksizeWrite(frames) = 1
     Number of elements: 800 	 Number of fields: 1
     type = float   noHang = 1   isRingbuffer(isRb) = 1   growDyn = 0
     Fields: (index (range) : fieldname[array indicies]  (# elements)
       0. - 799. : pcm[0-799]  (800)
==> LEVEL 'fftc'  +++  Buffersize(frames) = 3  +++  nReaders = 1
     Period(in seconds) = 0.010000 	 frameSize(in seconds) = 0.064000 (last: 0.050000)
     BlocksizeRead(frames) = 1 	 BlocksizeWrite(frames) = 1
     Number of elements: 1024 	 Number of fields: 1
     type = float   noHang = 1   isRingbuffer(isRb) = 1   growDyn = 0
     Fields: (index (range) : fieldname[array indicies]  (# elements)
       0. - 1023. : pcm[0-1023]  (1024)
==> LEVEL 'fftmag'  +++  Buffersize(frames) = 3  +++  nReaders = 1
     Period(in seconds) = 0.010000 	 frameSize(in seconds) = 0.064000 (last: 0.050000)
     BlocksizeRead(frames) = 1 	 BlocksizeWrite(frames) = 1
     Number of elements: 513 	 Number of fields: 1
     type = float   noHang = 1   isRingbuffer(isRb) = 1   growDyn = 0
     Fields: (index (range) : fieldname[array indicies]  (# elements)
       0. - 512. : pcm_Mag[0-512]  (513)
==> LEVEL 'hps'  +++  Buffersize(frames) = 3  +++  nReaders = 1
     Period(in seconds) = 0.010000 	 frameSize(in seconds) = 0.064000 (last: 0.050000)
     BlocksizeRead(frames) = 1 	 BlocksizeWrite(frames) = 1
     Number of elements: 513 	 Number of fields: 1
     type = float   noHang = 1   isRingbuffer(isRb) = 1   growDyn = 0
     Fields: (index (range) : fieldname[array indicies]  (# elements)
       0. - 512. : pcm_Mag_octScale[0-512]  (513)
==> LEVEL 'pitchShs'  +++  Buffersize(frames) = 3  +++  nReaders = 1
     Period(in seconds) = 0.010000 	 frameSize(in seconds) = 0.064000 (last: 0.050000)
     BlocksizeRead(frames) = 1 	 BlocksizeWrite(frames) = 1
     Number of elements: 15 	 Number of fields: 6
     type = float   noHang = 1   isRingbuffer(isRb) = 1   growDyn = 0
     Fields: (index (range) : fieldname[array indicies]  (# elements)
       0.       : nCandidates
       1. -  4. : F0Cand[0-3]  (4)
       5. -  8. : candVoicing[0-3]  (4)
       9. - 12. : candScores[0-3]  (4)
      13.       : F0raw
      14.       : voicingClip
==> LEVEL 'pitch'  +++  Buffersize(frames) = 5  +++  nReaders = 1
     Period(in seconds) = 0.010000 	 frameSize(in seconds) = 0.064000 (last: 0.050000)
     BlocksizeRead(frames) = 4 	 BlocksizeWrite(frames) = 1
     Number of elements: 2 	 Number of fields: 2
     type = float   noHang = 1   isRingbuffer(isRb) = 1   growDyn = 0
     Fields: (index (range) : fieldname[array indicies]  (# elements)
       0.       : F0final
       1.       : voicingFinalUnclipped
==> LEVEL 'smo'  +++  Buffersize(frames) = 3  +++  nReaders = 1
     Period(in seconds) = 0.010000 	 frameSize(in seconds) = 0.064000 (last: 0.050000)
     BlocksizeRead(frames) = 1 	 BlocksizeWrite(frames) = 1
     Number of elements: 3 	 Number of fields: 3
     type = float   noHang = 1   isRingbuffer(isRb) = 1   growDyn = 0
     Fields: (index (range) : fieldname[array indicies]  (# elements)
       0.       : F0final_sma
       1.       : voicingFinalUnclipped_sma
       2.       : pcm_loudness_sma
[ 02.04.2014 - 23:48:08 ]
    (MSG) [2] in cComponentManager : successfully finished createInstances
                                 (11 component instances were finalised, 1 data memories were finalised)
[ 02.04.2014 - 23:48:08 ]
    (MSG) [2] in cComponentManager : starting single thread processing loop
[ 02.04.2014 - 23:48:08 ]
    (MSG) [2] in cComponentManager : Processing finished! System ran for 63 ticks.
